<?xml version="1.0" encoding="UTF-8"?>
<testsuite name="MyTests" tests="1" skipped="0" failures="0" errors="0" timestamp="2019-11-02T21:16:51" hostname="DESKTOP-GLN5HK5" time="0.001">
  <properties/>
  <testcase name="myFirstTest" classname="MyTests" time="0.001"/>
  <system-out><![CDATA[]]></system-out>
  <system-err><![CDATA[]]></system-err>
</testsuite>
