<?xml version="1.0" encoding="UTF-8"?>
<testsuite name="MyTests" tests="1" skipped="0" failures="0" errors="0" timestamp="2019-11-03T13:29:52" hostname="DESKTOP-GLN5HK5" time="0.015">
  <properties/>
  <testcase name="shouldCalculateChangeCorrectly" classname="MyTests" time="0.015"/>
  <system-out><![CDATA[dodana moneta do wydania: 5
dodana moneta do wydania: 2
dodana moneta do wydania: 2
dodana moneta do wydania: 2
dodana moneta do wydania: 2
dodana moneta do wydania: 1
dodana moneta do wydania: 1
dodana moneta do wydania: 1
]]></system-out>
  <system-err><![CDATA[]]></system-err>
</testsuite>
