<?xml version="1.0" encoding="UTF-8"?>
<testsuite name="MyTests" tests="5" skipped="0" failures="0" errors="0" timestamp="2019-11-03T21:59:47" hostname="DESKTOP-GLN5HK5" time="0.018">
  <properties/>
  <testcase name="whenNotEnoughChangeShouldLowerPrice" classname="MyTests" time="0.012"/>
  <testcase name="shouldReturnInputMoneyWhenLessThan73Left" classname="MyTests" time="0.003"/>
  <testcase name="shouldCalculateChangeCorrectly" classname="MyTests" time="0.0"/>
  <testcase name="shouldUseInputMoneyToReturnChange" classname="MyTests" time="0.0"/>
  <testcase name="whenNotEnoughMoneyShouldReturnInputMoney" classname="MyTests" time="0.001"/>
  <system-out><![CDATA[Produkt nie moze zostac sprzedany
Produkt nie moze zostac sprzedany - zbyt malo gotowki
]]></system-out>
  <system-err><![CDATA[]]></system-err>
</testsuite>
