<?xml version="1.0" encoding="UTF-8"?>
<testsuite name="MyTests" tests="4" skipped="0" failures="0" errors="0" timestamp="2019-11-03T21:38:35" hostname="DESKTOP-GLN5HK5" time="0.022">
  <properties/>
  <testcase name="whenNotEnoughChangeShouldLowerPrice" classname="MyTests" time="0.015"/>
  <testcase name="shouldCalculateChangeCorrectly" classname="MyTests" time="0.0"/>
  <testcase name="shouldUseInputMoneyToReturnChange" classname="MyTests" time="0.0"/>
  <testcase name="whenNotEnoughMoneyShouldReturnInputMoney" classname="MyTests" time="0.005"/>
  <system-out><![CDATA[Produkt nie moze zostac sprzedany - zbyt maÅ‚o gotÃ³wki
]]></system-out>
  <system-err><![CDATA[]]></system-err>
</testsuite>
